<?xml version="1.0" encoding="UTF-8"?>
<testsuite xmlns:xsi="http://www.w3.org/2001/XMLSchema-instance" xsi:schemaLocation="https://maven.apache.org/surefire/maven-surefire-plugin/xsd/surefire-test-report.xsd" name="TestSuite" time="2.39" tests="11" errors="0" skipped="7" failures="4">
  <properties>
    <property name="java.runtime.name" value="Java(TM) SE Runtime Environment"/>
    <property name="java.vm.version" value="11.0.17+10-LTS-269"/>
    <property name="sun.boot.library.path" value="C:\Program Files\Java\jdk-11.0.17\bin"/>
    <property name="maven.multiModuleProjectDirectory" value="C:\Users\asssssssssssssssssss\eclipse-workspace\Practice_java_aug_akanksha\Maven_AkankshaProject"/>
    <property name="java.vm.vendor" value="Oracle Corporation"/>
    <property name="java.vendor.url" value="https://openjdk.java.net/"/>
    <property name="guice.disable.misplaced.annotation.check" value="true"/>
    <property name="path.separator" value=";"/>
    <property name="java.vm.name" value="Java HotSpot(TM) 64-Bit Server VM"/>
    <property name="sun.os.patch.level" value=""/>
    <property name="user.script" value=""/>
    <property name="user.country" value="IN"/>
    <property name="sun.java.launcher" value="SUN_STANDARD"/>
    <property name="java.vm.specification.name" value="Java Virtual Machine Specification"/>
    <property name="user.dir" value="C:\Users\asssssssssssssssssss\eclipse-workspace\Practice_java_aug_akanksha\Maven_AkankshaProject"/>
    <property name="java.vm.compressedOopsMode" value="32-bit"/>
    <property name="java.runtime.version" value="11.0.17+10-LTS-269"/>
    <property name="java.awt.graphicsenv" value="sun.awt.Win32GraphicsEnvironment"/>
    <property name="os.arch" value="amd64"/>
    <property name="java.io.tmpdir" value="C:\Users\ASSSSS~1\AppData\Local\Temp\"/>
    <property name="line.separator" value="&#10;"/>
    <property name="java.vm.specification.vendor" value="Oracle Corporation"/>
    <property name="user.variant" value=""/>
    <property name="os.name" value="Windows 10"/>
    <property name="classworlds.conf" value="C:\Users\asssssssssssssssssss\eclipse-workspace\Practice_java_aug_akanksha\apache-maven-3.8.6\bin\m2.conf"/>
    <property name="sun.jnu.encoding" value="Cp1252"/>
    <property name="java.library.path" value="C:\Program Files\Java\jdk-11.0.17\bin;C:\WINDOWS\Sun\Java\bin;C:\WINDOWS\system32;C:\WINDOWS;C:\WINDOWS\system32;C:\WINDOWS;C:\WINDOWS\System32\Wbem;C:\WINDOWS\System32\WindowsPowerShell\v1.0\;C:\WINDOWS\System32\OpenSSH\;C:\Program Files\New Folder\runtime\win64;C:\Program Files\New Folder\bin;C:\Android;C:\Windows\System32;C:\Users\asssssssssssssssssss\eclipse-workspace\Practice_java_aug_akanksha\apache-maven-3.8.6\bin;C:\Users\asssssssssssssssssss\eclipse-workspace\Practice_java_aug_akanksha\apache-maven-3.8.6\bin;%JAVA_HOME%\bin;C:\Users\asssssssssssssssssss\AppData\Local\Microsoft\WindowsApps;C:\Program Files\Java\jdk-11.0.17\bin;."/>
    <property name="maven.conf" value="C:\Users\asssssssssssssssssss\eclipse-workspace\Practice_java_aug_akanksha\apache-maven-3.8.6/conf"/>
    <property name="jdk.debug" value="release"/>
    <property name="java.class.version" value="55.0"/>
    <property name="java.specification.name" value="Java Platform API Specification"/>
    <property name="sun.management.compiler" value="HotSpot 64-Bit Tiered Compilers"/>
    <property name="os.version" value="10.0"/>
    <property name="library.jansi.path" value="C:\Users\asssssssssssssssssss\eclipse-workspace\Practice_java_aug_akanksha\apache-maven-3.8.6\lib\jansi-native"/>
    <property name="user.home" value="C:\Users\asssssssssssssssssss"/>
    <property name="user.timezone" value="Asia/Calcutta"/>
    <property name="java.awt.printerjob" value="sun.awt.windows.WPrinterJob"/>
    <property name="file.encoding" value="Cp1252"/>
    <property name="java.specification.version" value="11"/>
    <property name="user.name" value="asssssssssssssssssss"/>
    <property name="java.class.path" value="C:\Users\asssssssssssssssssss\eclipse-workspace\Practice_java_aug_akanksha\apache-maven-3.8.6\boot\plexus-classworlds-2.6.0.jar"/>
    <property name="java.vm.specification.version" value="11"/>
    <property name="sun.arch.data.model" value="64"/>
    <property name="sun.java.command" value="org.codehaus.plexus.classworlds.launcher.Launcher clean test -Dchrome"/>
    <property name="java.home" value="C:\Program Files\Java\jdk-11.0.17"/>
    <property name="user.language" value="en"/>
    <property name="java.specification.vendor" value="Oracle Corporation"/>
    <property name="awt.toolkit" value="sun.awt.windows.WToolkit"/>
    <property name="java.vm.info" value="mixed mode"/>
    <property name="java.version" value="11.0.17"/>
    <property name="java.vendor" value="Oracle Corporation"/>
    <property name="sun.stderr.encoding" value="cp437"/>
    <property name="maven.home" value="C:\Users\asssssssssssssssssss\eclipse-workspace\Practice_java_aug_akanksha\apache-maven-3.8.6"/>
    <property name="file.separator" value="\"/>
    <property name="java.version.date" value="2022-10-18"/>
    <property name="java.vendor.url.bug" value="https://bugreport.java.com/bugreport/"/>
    <property name="sun.io.unicode.encoding" value="UnicodeLittle"/>
    <property name="sun.cpu.endian" value="little"/>
    <property name="java.vendor.version" value="18.9"/>
    <property name="chrome" value="true"/>
    <property name="sun.stdout.encoding" value="cp437"/>
    <property name="sun.desktop" value="windows"/>
    <property name="sun.cpu.isalist" value="amd64"/>
  </properties>
  <testcase name="setUP" classname="testScripts.MyInfoSalaryTest_AV" time="0.964">
    <failure type="java.lang.NullPointerException">java.lang.NullPointerException
</failure>
    <system-out><![CDATA[${browser}=chrome
Environment Name : ${env}=qa
]]></system-out>
    <system-err><![CDATA[log4j:ERROR Could not read configuration file [src/main/resources/Config_AV/lolog4j.properties].
java.io.FileNotFoundException: src\main\resources\Config_AV\lolog4j.properties (The system cannot find the file specified)
	at java.base/java.io.FileInputStream.open0(Native Method)
	at java.base/java.io.FileInputStream.open(FileInputStream.java:219)
	at java.base/java.io.FileInputStream.<init>(FileInputStream.java:157)
	at java.base/java.io.FileInputStream.<init>(FileInputStream.java:112)
	at org.apache.log4j.PropertyConfigurator.doConfigure(PropertyConfigurator.java:372)
	at org.apache.log4j.PropertyConfigurator.configure(PropertyConfigurator.java:403)
	at testScripts.TestBase.intiLog4j(TestBase.java:20)
	at java.base/jdk.internal.reflect.NativeMethodAccessorImpl.invoke0(Native Method)
	at java.base/jdk.internal.reflect.NativeMethodAccessorImpl.invoke(NativeMethodAccessorImpl.java:62)
	at java.base/jdk.internal.reflect.DelegatingMethodAccessorImpl.invoke(DelegatingMethodAccessorImpl.java:43)
	at java.base/java.lang.reflect.Method.invoke(Method.java:566)
	at org.testng.internal.MethodInvocationHelper.invokeMethod(MethodInvocationHelper.java:133)
	at org.testng.internal.MethodInvocationHelper.invokeMethodConsideringTimeout(MethodInvocationHelper.java:62)
	at org.testng.internal.ConfigInvoker.invokeConfigurationMethod(ConfigInvoker.java:385)
	at org.testng.internal.ConfigInvoker.invokeConfigurations(ConfigInvoker.java:321)
	at org.testng.SuiteRunner.privateRun(SuiteRunner.java:317)
	at org.testng.SuiteRunner.run(SuiteRunner.java:276)
	at org.testng.SuiteRunnerWorker.runSuite(SuiteRunnerWorker.java:53)
	at org.testng.SuiteRunnerWorker.run(SuiteRunnerWorker.java:96)
	at org.testng.TestNG.runSuitesSequentially(TestNG.java:1212)
	at org.testng.TestNG.runSuitesLocally(TestNG.java:1134)
	at org.testng.TestNG.runSuites(TestNG.java:1063)
	at org.testng.TestNG.run(TestNG.java:1031)
	at org.apache.maven.surefire.testng.TestNGExecutor.run(TestNGExecutor.java:281)
	at org.apache.maven.surefire.testng.TestNGXmlTestSuite.execute(TestNGXmlTestSuite.java:75)
	at org.apache.maven.surefire.testng.TestNGProvider.invoke(TestNGProvider.java:121)
	at org.apache.maven.surefire.booter.ForkedBooter.invokeProviderInSameClassLoader(ForkedBooter.java:290)
	at org.apache.maven.surefire.booter.ForkedBooter.runSuitesInProcess(ForkedBooter.java:242)
	at org.apache.maven.surefire.booter.ForkedBooter.main(ForkedBooter.java:121)
log4j:ERROR Ignoring configuration file [src/main/resources/Config_AV/lolog4j.properties].
]]></system-err>
  </testcase>
  <testcase name="verifyCtc" classname="testScripts.MyInfoSalaryTest_AV" time="0">
    <skipped/>
  </testcase>
  <testcase name="close" classname="testScripts.MyInfoSalaryTest_AV" time="0">
    <skipped/>
  </testcase>
  <testcase name="tc1" classname="testScripts.LoginTest" time="0.003">
    <failure type="java.lang.NullPointerException">java.lang.NullPointerException
	at testScripts.LoginTest.tc1(LoginTest.java:19)
</failure>
    <system-out><![CDATA[Total num of rows in sheet are2
Total number of coloumn in sheet are4
STEP - Launch Chrome Browser & Hit url
${browser}=chrome
Environment Name : ${env}=qa
]]></system-out>
    <system-err><![CDATA[ERROR StatusLogger Log4j2 could not find a logging implementation. Please add log4j-core to the classpath. Using SimpleLogger to log to the console...
]]></system-err>
  </testcase>
  <testcase name="tc1" classname="testScripts.LoginTest" time="0.002">
    <failure type="java.lang.NullPointerException">java.lang.NullPointerException
	at testScripts.LoginTest.tc1(LoginTest.java:19)
</failure>
    <system-out><![CDATA[STEP - Launch Chrome Browser & Hit url
${browser}=chrome
Environment Name : ${env}=qa
]]></system-out>
  </testcase>
  <testcase name="setUP" classname="testScripts.DashBoardTest_AV" time="0.008">
    <failure type="java.lang.NullPointerException">java.lang.NullPointerException
</failure>
    <system-out><![CDATA[${browser}=chrome
Environment Name : ${env}=qa
]]></system-out>
  </testcase>
  <testcase name="setUP" classname="testScripts.DashBoardTest_AV" time="0">
    <skipped/>
  </testcase>
  <testcase name="verfiyProfileAboutContentTest" classname="testScripts.DashBoardTest_AV" time="0">
    <skipped/>
  </testcase>
  <testcase name="close" classname="testScripts.DashBoardTest_AV" time="0">
    <skipped/>
  </testcase>
  <testcase name="close" classname="testScripts.DashBoardTest_AV" time="0">
    <skipped/>
  </testcase>
  <testcase name="verifyWidgetsCountAndText" classname="testScripts.DashBoardTest_AV" time="0">
    <skipped/>
  </testcase>
</testsuite>